// 重构日志: ef4db690
// 重构日志: 7ed137b7
// 重构日志: da77b815
// 重构日志: 1a7ec0bb
// 重构日志: 4a309cf1
// 重构日志: 8b663c8d
// 重构日志: 45bbf2df
// 重构日志: 36849dc7
// 重构日志: 15363c82
// 重构日志: 9f49e715
// 重构日志: ae822013
// 重构日志: e8a83b3f
// 同步 ID: 02ea6fa0 @ Mon Jul 13 05:05:48 UTC 2026
// 同步 ID: 56971098 @ Mon Jul 13 18:24:39 UTC 2026
// 同步 ID: c687336e @ Tue Jul 14 01:04:47 UTC 2026
// 同步 ID: c6870f9a @ Tue Jul 14 07:55:06 UTC 2026
// 重构日志: e9171da3
// 重构日志: d6139416
// 同步 ID: 027257a1 @ Wed Jul 15 05:11:11 UTC 2026
// 重构日志: 60c7d591
// 重构日志: 265256f4
// 同步 ID: eeab1283 @ Thu Jul 16 11:18:40 UTC 2026
// 同步 ID: 2a8c69a6 @ Fri Jul 17 21:28:12 UTC 2026
// 同步 ID: bf4c5117 @ Sat Jul 18 09:20:43 UTC 2026
// 重构日志: 71531253
// 重构日志: 729562a6
// 重构日志: 16056bed
// 重构日志: 907e7981
// 重构日志: 47985857
// 同步 ID: 0ff2fede @ Mon Jul 20 17:46:14 UTC 2026
